Heap:
 garbage-first heap   total 131072K, used 17468K [0x0000000081400000, 0x0000000100000000)
  region size 1024K, 3 young (3072K), 3 survivors (3072K)
 Metaspace       used 26578K, capacity 27405K, committed 27440K, reserved 1081344K
  class space    used 3074K, capacity 3455K, committed 3456K, reserved 1048576K
GC Heap History (8 events):
Event: 3.104 GC heap before
{Heap before GC invocations=0 (full 0):
 garbage-first heap   total 131072K, used 14336K [0x0000000081400000, 0x0000000100000000)
  region size 1024K, 14 young (14336K), 0 survivors (0K)
 Metaspace       used 8842K, capacity 9151K, committed 9216K, reserved 1056768K
  class space    used 872K, capacity 1017K, committed 1024K, reserved 1048576K
}
Event: 3.124 GC heap after
{Heap after GC invocations=1 (full 0):
 garbage-first heap   total 131072K, used 1869K [0x0000000081400000, 0x0000000100000000)
  region size 1024K, 2 young (2048K), 2 survivors (2048K)
 Metaspace       used 8842K, capacity 9151K, committed 9216K, reserved 1056768K
  class space    used 872K, capacity 1017K, committed 1024K, reserved 1048576K
}
Event: 5.657 GC heap before
{Heap before GC invocations=1 (full 0):
 garbage-first heap   total 131072K, used 40781K [0x0000000081400000, 0x0000000100000000)
  region size 1024K, 42 young (43008K), 2 survivors (2048K)
 Metaspace       used 20625K, capacity 21183K, committed 21296K, reserved 1069056K
  class space    used 2433K, capacity 2688K, committed 2688K, reserved 1048576K
}
Event: 5.673 GC heap after
{Heap after GC invocations=2 (full 0):
 garbage-first heap   total 131072K, used 7438K [0x0000000081400000, 0x0000000100000000)
  region size 1024K, 8 young (8192K), 8 survivors (8192K)
 Metaspace       used 20625K, capacity 21183K, committed 21296K, reserved 1069056K
  class space    used 2433K, capacity 2688K, committed 2688K, reserved 1048576K
}
Event: 89.062 GC heap before
{Heap before GC invocations=3 (full 0):
 garbage-first heap   total 131072K, used 51470K [0x0000000081400000, 0x0000000100000000)
  region size 1024K, 49 young (50176K), 8 survivors (8192K)
 Metaspace       used 26140K, capacity 26961K, committed 27184K, reserved 1073152K
  class space    used 3066K, capacity 3420K, committed 3456K, reserved 1048576K
}
Event: 89.110 GC heap after
{Heap after GC invocations=4 (full 0):
 garbage-first heap   total 131072K, used 15001K [0x0000000081400000, 0x0000000100000000)
  region size 1024K, 6 young (6144K), 6 survivors (6144K)
 Metaspace       used 26140K, capacity 26961K, committed 27184K, reserved 1073152K
  class space    used 3066K, capacity 3420K, committed 3456K, reserved 1048576K
}
Event: 160.572 GC heap before
{Heap before GC invocations=4 (full 0):
 garbage-first heap   total 131072K, used 52889K [0x0000000081400000, 0x0000000100000000)
  region size 1024K, 44 young (45056K), 6 survivors (6144K)
 Metaspace       used 26578K, capacity 27405K, committed 27440K, reserved 1079296K
  class space    used 3074K, capacity 3455K, committed 3456K, reserved 1048576K
}
Event: 160.606 GC heap after
{Heap after GC invocations=5 (full 0):
 garbage-first heap   total 131072K, used 17468K [0x0000000081400000, 0x0000000100000000)
  region size 1024K, 3 young (3072K), 3 survivors (3072K)
 Metaspace       used 26578K, capacity 27405K, committed 27440K, reserved 1079296K
  class space    used 3074K, capacity 3455K, committed 3456K, reserved 1048576K
}

